TN:
SF:src/events/payment.js
FN:2,Payment
FN:6,creditCard
FNF:2
FNH:2
FNDA:2,Payment
FNDA:2,creditCard
DA:1,1
DA:2,1
DA:3,2
DA:4,2
DA:5,1
DA:6,1
DA:7,2
DA:8,2
DA:9,2
DA:10,1
LF:10
LH:10
BRDA:2,0,0,2
BRDA:6,1,0,2
BRF:2
BRH:2
end_of_record
TN:
SF:src/observers/marketing.js
FN:2,update
FNF:1
FNH:1
FNDA:1,update
DA:1,1
DA:2,1
DA:3,1
DA:4,1
DA:5,1
LF:5
LH:5
BRDA:2,0,0,1
BRF:1
BRH:1
end_of_record
TN:
SF:src/observers/shipment.js
FN:2,update
FNF:1
FNH:1
FNDA:1,update
DA:1,1
DA:2,1
DA:3,1
DA:4,1
DA:5,1
LF:5
LH:5
BRDA:2,0,0,1
BRF:1
BRH:1
end_of_record
TN:
SF:src/subjects/payment-subject.js
FN:1,<instance_members_initializer>
FN:4,notify
FN:8,subscribe
FN:12,unsubscribe
FNF:4
FNH:4
FNDA:4,<instance_members_initializer>
FNDA:4,notify
FNDA:4,subscribe
FNDA:1,unsubscribe
DA:1,1
DA:2,4
DA:3,4
DA:4,4
DA:5,4
DA:6,4
DA:7,4
DA:8,4
DA:9,4
DA:10,4
DA:11,4
DA:12,4
DA:13,1
DA:14,1
DA:15,4
LF:15
LH:15
BRDA:1,0,0,4
BRDA:4,1,0,4
BRDA:5,2,0,3
BRDA:8,3,0,4
BRDA:12,4,0,1
BRF:5
BRH:5
end_of_record
