TN:
SF:src/business/adapters/rick-and-morty-brl-adapter.js
FN:4,getCharacters
FNF:1
FNH:1
FNDA:1,getCharacters
DA:1,1
DA:2,1
DA:3,1
DA:4,1
DA:5,1
DA:6,1
DA:7,1
LF:7
LH:7
BRDA:4,0,0,1
BRF:1
BRH:1
end_of_record
TN:
SF:src/business/adapters/rick-and-morty-usa-adapter.js
FN:4,getCharacters
FNF:1
FNH:1
FNDA:1,getCharacters
DA:1,1
DA:2,1
DA:3,1
DA:4,1
DA:5,1
DA:6,1
DA:7,1
LF:7
LH:7
BRDA:4,0,0,1
BRF:1
BRH:1
end_of_record
TN:
SF:src/business/integrations/rick-and-morty-brl.js
FN:7,getCharactersFromJson
FNF:1
FNH:1
FNDA:2,getCharactersFromJson
DA:1,1
DA:2,1
DA:3,1
DA:4,1
DA:5,1
DA:6,1
DA:7,1
DA:8,2
DA:9,2
DA:10,2
DA:11,1
LF:11
LH:11
BRDA:7,0,0,2
BRDA:9,1,0,1
BRF:2
BRH:2
end_of_record
TN:
SF:src/business/integrations/rick-and-morty-usa.js
FN:8,getCharactersFromXML
FNF:1
FNH:1
FNDA:2,getCharactersFromXML
DA:1,1
DA:2,1
DA:3,1
DA:4,1
DA:5,1
DA:6,1
DA:7,1
DA:8,1
DA:9,2
DA:10,2
DA:11,2
DA:12,2
DA:13,2
DA:14,2
DA:15,2
DA:16,2
DA:17,2
DA:18,2
DA:19,2
DA:20,1
LF:20
LH:20
BRDA:8,0,0,2
BRDA:17,1,0,1
BRDA:17,2,0,1
BRDA:18,3,0,1
BRF:4
BRH:4
end_of_record
TN:
SF:src/entities/character.js
FN:2,Character
FNF:1
FNH:1
FNDA:3,Character
DA:1,1
DA:2,1
DA:3,3
DA:4,3
DA:5,3
DA:6,3
DA:7,3
DA:8,3
DA:9,3
DA:10,3
DA:11,3
DA:12,1
LF:12
LH:12
BRDA:2,0,0,3
BRF:1
BRH:1
end_of_record
